------------------------------------------------------------------------------------------------------------------------

[2018-04-29 13:03:53 #1 type] 
Type hwr.sem4.csa.util.Participator is not enhanced.

[2018-04-29 13:03:53 #2 type] 
Type hwr.sem4.csa.util.Community is not enhanced.

------------------------------------------------------------------------------------------------------------------------

[2018-04-29 13:18:49 #1 type] 
Type hwr.sem4.csa.util.Participator is not enhanced.

[2018-04-29 13:18:49 #2 type] 
Type hwr.sem4.csa.util.Community is not enhanced.

------------------------------------------------------------------------------------------------------------------------

[2018-04-29 13:20:12 #1 type] 
Type hwr.sem4.csa.util.Participator is not enhanced.

[2018-04-29 13:20:12 #2 type] 
Type hwr.sem4.csa.util.Community is not enhanced.

------------------------------------------------------------------------------------------------------------------------

[2018-04-29 13:23:35 #1 type] 
Type hwr.sem4.csa.util.Participator is not enhanced.

[2018-04-29 13:23:35 #2 type] 
Type hwr.sem4.csa.util.Community is not enhanced.

------------------------------------------------------------------------------------------------------------------------

[2018-04-29 13:25:02 #1 type] 
Type hwr.sem4.csa.util.Participator is not enhanced.

[2018-04-29 13:25:02 #2 type] 
Type hwr.sem4.csa.util.Community is not enhanced.

------------------------------------------------------------------------------------------------------------------------

[2018-04-29 13:27:22 #1 type] 
Type hwr.sem4.csa.util.Participator is not enhanced.

[2018-04-29 13:27:22 #2 type] 
Type hwr.sem4.csa.util.Community is not enhanced.

------------------------------------------------------------------------------------------------------------------------

[2018-04-29 13:29:32 #1 type] 
Type hwr.sem4.csa.util.Participator is not enhanced.

[2018-04-29 13:29:32 #2 type] 
Type hwr.sem4.csa.util.Community is not enhanced.

------------------------------------------------------------------------------------------------------------------------

[2018-04-29 13:31:31 #1 type] 
Type hwr.sem4.csa.util.Participator is not enhanced.

[2018-04-29 13:31:31 #2 type] 
Type hwr.sem4.csa.util.Community is not enhanced.

------------------------------------------------------------------------------------------------------------------------

[2018-04-29 13:36:55 #1 type] 
Type hwr.sem4.csa.util.Participator is not enhanced.

[2018-04-29 13:36:55 #2 type] 
Type hwr.sem4.csa.util.Community is not enhanced.

------------------------------------------------------------------------------------------------------------------------

[2018-04-29 13:37:28 #1 type] 
Type hwr.sem4.csa.util.Participator is not enhanced.

[2018-04-29 13:37:28 #2 type] 
Type hwr.sem4.csa.util.Community is not enhanced.

------------------------------------------------------------------------------------------------------------------------

[2018-04-29 13:38:00 #1 type] 
Type hwr.sem4.csa.util.Participator is not enhanced.

[2018-04-29 13:38:00 #2 type] 
Type hwr.sem4.csa.util.Community is not enhanced.

------------------------------------------------------------------------------------------------------------------------

[2018-04-29 13:41:16 #1 type] 
Type hwr.sem4.csa.util.Participator is not enhanced.

[2018-04-29 13:41:16 #2 type] 
Type hwr.sem4.csa.util.Community is not enhanced.

------------------------------------------------------------------------------------------------------------------------

[2018-04-29 13:46:21 #1 type] 
Type hwr.sem4.csa.util.Participator is not enhanced.

[2018-04-29 13:46:21 #2 type] 
Type hwr.sem4.csa.util.Community is not enhanced.

------------------------------------------------------------------------------------------------------------------------

[2018-04-29 13:49:16 #1 type] 
Type hwr.sem4.csa.util.Participator is not enhanced.

[2018-04-29 13:49:16 #2 type] 
Type hwr.sem4.csa.util.Community is not enhanced.

------------------------------------------------------------------------------------------------------------------------

[2018-04-29 13:52:19 #1 type] 
Type hwr.sem4.csa.util.Participator is not enhanced.

[2018-04-29 13:52:19 #2 type] 
Type hwr.sem4.csa.util.Community is not enhanced.

------------------------------------------------------------------------------------------------------------------------

[2018-04-29 13:54:38 #1 type] 
Type hwr.sem4.csa.util.Participator is not enhanced.

[2018-04-29 13:54:38 #2 type] 
Type hwr.sem4.csa.util.Community is not enhanced.

------------------------------------------------------------------------------------------------------------------------

[2018-04-29 13:58:09 #1 type] 
Type hwr.sem4.csa.util.Participator is not enhanced.

[2018-04-29 13:58:09 #2 type] 
Type hwr.sem4.csa.util.Community is not enhanced.

------------------------------------------------------------------------------------------------------------------------

[2018-04-29 14:01:05 #1 type] 
Type hwr.sem4.csa.util.Participator is not enhanced.

[2018-04-29 14:01:05 #2 type] 
Type hwr.sem4.csa.util.Community is not enhanced.

------------------------------------------------------------------------------------------------------------------------

[2018-04-29 14:03:36 #1 type] 
Type hwr.sem4.csa.util.Participator is not enhanced.

[2018-04-29 14:03:36 #2 type] 
Type hwr.sem4.csa.util.Community is not enhanced.

------------------------------------------------------------------------------------------------------------------------

[2018-04-29 14:18:28 #1 type] 
Type hwr.sem4.csa.util.Participator is not enhanced.

[2018-04-29 14:18:28 #2 type] 
Type hwr.sem4.csa.util.Community is not enhanced.

[2018-04-29 14:18:57 #3 query] 
Error during query execution: DELETE p FROM Participator p WHERE p.username = :username({username->Testusername})

[2018-04-29 14:18:57 #4 *] 
[ObjectDB 2.7.4] Unexpected exception (Error 990)
  Generated by Java HotSpot(TM) 64-Bit Server VM 1.8.0_161 (on Windows 10 10.0).
Please report this error on http://www.objectdb.com/database/issue/new
com.objectdb.o.InternalException: com.objectdb.o.UserException: Failed to deserialize (com.objectdb.o.HMP$f; local class incompatible: stream classdesc serialVersionUID = -8948565101163382765, local class serialVersionUID = 5621367004678080978)
com.objectdb.o.UserException: Failed to deserialize (com.objectdb.o.HMP$f; local class incompatible: stream classdesc serialVersionUID = -8948565101163382765, local class serialVersionUID = 5621367004678080978)
	at com.objectdb.o.MSG.a(MSG.java:77)
	at com.objectdb.o.BYR.i(BYR.java:811)
	at com.objectdb.o.BYR.i(BYR.java:750)
	at com.objectdb.o.CLS.u(CLS.java:384)
	at com.objectdb.o.CLS.y(CLS.java:352)
	at com.objectdb.o.CLS.z(CLS.java:283)
	at com.objectdb.o.CST.ZH(CST.java:637)
	at com.objectdb.o.QRR.k(QRR.java:249)
	at com.objectdb.o.QRR.i(QRR.java:155)
	at com.objectdb.jpa.JpaQuery.executeUpdate(JpaQuery.java:786)
	at hwr.sem4.csa.database.Databasehandler.removeParticipatorByUsername(Databasehandler.java:159)
	at hwr.sem4.csa.managedBeans.SysAdminManagedBean.removeParticipator(SysAdminManagedBean.java:65)
	at sun.reflect.NativeMethodAccessorImpl.invoke0(Native Method)
	at sun.reflect.NativeMethodAccessorImpl.invoke(NativeMethodAccessorImpl.java:62)
	at sun.reflect.DelegatingMethodAccessorImpl.invoke(DelegatingMethodAccessorImpl.java:43)
	at java.lang.reflect.Method.invoke(Method.java:498)
	at org.apache.el.parser.AstValue.invoke(AstValue.java:247)
	at org.apache.el.MethodExpressionImpl.invoke(MethodExpressionImpl.java:267)
	at javax.faces.event.MethodExpressionActionListener.processAction(MethodExpressionActionListener.java:149)
	at javax.faces.event.ActionEvent.processListener(ActionEvent.java:88)
	at javax.faces.component.UIComponentBase.broadcast(UIComponentBase.java:813)
	at javax.faces.component.UICommand.broadcast(UICommand.java:300)
	at javax.faces.component.UIViewRoot.broadcastEvents(UIViewRoot.java:790)
	at javax.faces.component.UIViewRoot.processApplication(UIViewRoot.java:1282)
	at com.sun.faces.lifecycle.InvokeApplicationPhase.execute(InvokeApplicationPhase.java:81)
	at com.sun.faces.lifecycle.Phase.doPhase(Phase.java:101)
	at com.sun.faces.lifecycle.LifecycleImpl.execute(LifecycleImpl.java:198)
	at javax.faces.webapp.FacesServlet.service(FacesServlet.java:646)
	at org.apache.catalina.core.ApplicationFilterChain.internalDoFilter(ApplicationFilterChain.java:231)
	at org.apache.catalina.core.ApplicationFilterChain.doFilter(ApplicationFilterChain.java:166)
	at org.apache.tomcat.websocket.server.WsFilter.doFilter(WsFilter.java:53)
	at org.apache.catalina.core.ApplicationFilterChain.internalDoFilter(ApplicationFilterChain.java:193)
	at org.apache.catalina.core.ApplicationFilterChain.doFilter(ApplicationFilterChain.java:166)
	at hwr.sem4.csa.filter.LoginFilter.doFilter(LoginFilter.java:30)
	at org.apache.catalina.core.ApplicationFilterChain.internalDoFilter(ApplicationFilterChain.java:193)
	at org.apache.catalina.core.ApplicationFilterChain.doFilter(ApplicationFilterChain.java:166)
	at org.apache.catalina.core.StandardWrapperValve.invoke(StandardWrapperValve.java:199)
	at org.apache.catalina.core.StandardContextValve.invoke(StandardContextValve.java:96)
	at org.apache.catalina.authenticator.AuthenticatorBase.invoke(AuthenticatorBase.java:494)
	at org.apache.catalina.core.StandardHostValve.invoke(StandardHostValve.java:137)
	at org.apache.catalina.valves.ErrorReportValve.invoke(ErrorReportValve.java:92)
	at org.apache.catalina.valves.AbstractAccessLogValve.invoke(AbstractAccessLogValve.java:651)
	at org.apache.catalina.core.StandardEngineValve.invoke(StandardEngineValve.java:87)
	at org.apache.catalina.connector.CoyoteAdapter.service(CoyoteAdapter.java:343)
	at org.apache.coyote.http11.Http11Processor.service(Http11Processor.java:407)
	at org.apache.coyote.AbstractProcessorLight.process(AbstractProcessorLight.java:66)
	at org.apache.coyote.AbstractProtocol$ConnectionHandler.process(AbstractProtocol.java:754)
	at org.apache.tomcat.util.net.NioEndpoint$SocketProcessor.doRun(NioEndpoint.java:1376)
	at org.apache.tomcat.util.net.SocketProcessorBase.run(SocketProcessorBase.java:49)
	at java.util.concurrent.ThreadPoolExecutor.runWorker(ThreadPoolExecutor.java:1149)
	at java.util.concurrent.ThreadPoolExecutor$Worker.run(ThreadPoolExecutor.java:624)
	at org.apache.tomcat.util.threads.TaskThread$WrappingRunnable.run(TaskThread.java:61)
	at java.lang.Thread.run(Thread.java:748)
Caused by: java.io.InvalidClassException: com.objectdb.o.HMP$f; local class incompatible: stream classdesc serialVersionUID = -8948565101163382765, local class serialVersionUID = 5621367004678080978
	at java.io.ObjectStreamClass.initNonProxy(ObjectStreamClass.java:687)
	at java.io.ObjectInputStream.readNonProxyDesc(ObjectInputStream.java:1876)
	at java.io.ObjectInputStream.readClassDesc(ObjectInputStream.java:1745)
	at java.io.ObjectInputStream.readOrdinaryObject(ObjectInputStream.java:2033)
	at java.io.ObjectInputStream.readObject0(ObjectInputStream.java:1567)
	at java.io.ObjectInputStream.readArray(ObjectInputStream.java:1966)
	at java.io.ObjectInputStream.readObject0(ObjectInputStream.java:1561)
	at java.io.ObjectInputStream.defaultReadFields(ObjectInputStream.java:2278)
	at java.io.ObjectInputStream.readSerialData(ObjectInputStream.java:2202)
	at java.io.ObjectInputStream.readOrdinaryObject(ObjectInputStream.java:2060)
	at java.io.ObjectInputStream.readObject0(ObjectInputStream.java:1567)
	at java.io.ObjectInputStream.defaultReadFields(ObjectInputStream.java:2278)
	at java.io.ObjectInputStream.readSerialData(ObjectInputStream.java:2202)
	at java.io.ObjectInputStream.readOrdinaryObject(ObjectInputStream.java:2060)
	at java.io.ObjectInputStream.readObject0(ObjectInputStream.java:1567)
	at java.io.ObjectInputStream.readObject(ObjectInputStream.java:427)
	at com.objectdb.o.BYR.i(BYR.java:785)
	... 51 more

------------------------------------------------------------------------------------------------------------------------

[2018-04-29 14:20:33 #1 type] 
Type hwr.sem4.csa.util.Participator is not enhanced.

[2018-04-29 14:20:33 #2 type] 
Type hwr.sem4.csa.util.Community is not enhanced.

------------------------------------------------------------------------------------------------------------------------

[2018-04-29 14:22:12 #1 type] 
Type hwr.sem4.csa.util.Participator is not enhanced.

[2018-04-29 14:22:12 #2 type] 
Type hwr.sem4.csa.util.Community is not enhanced.

------------------------------------------------------------------------------------------------------------------------

[2018-04-29 14:25:44 #1 type] 
Type hwr.sem4.csa.util.Participator is not enhanced.

[2018-04-29 14:25:44 #2 type] 
Type hwr.sem4.csa.util.Community is not enhanced.

------------------------------------------------------------------------------------------------------------------------

[2018-04-29 14:27:57 #1 type] 
Type hwr.sem4.csa.util.Participator is not enhanced.

[2018-04-29 14:27:57 #2 type] 
Type hwr.sem4.csa.util.Community is not enhanced.

------------------------------------------------------------------------------------------------------------------------

[2018-04-29 14:31:42 #1 type] 
Type hwr.sem4.csa.util.Participator is not enhanced.

[2018-04-29 14:31:42 #2 type] 
Type hwr.sem4.csa.util.Community is not enhanced.

------------------------------------------------------------------------------------------------------------------------

[2018-04-29 14:44:46 #1 type] 
Type hwr.sem4.csa.util.Participator is not enhanced.

[2018-04-29 14:44:46 #2 type] 
Type hwr.sem4.csa.util.Community is not enhanced.

------------------------------------------------------------------------------------------------------------------------

[2018-04-29 14:53:47 #1 type] 
Type hwr.sem4.csa.util.Participator is not enhanced.

[2018-04-29 14:53:47 #2 type] 
Type hwr.sem4.csa.util.Community is not enhanced.

------------------------------------------------------------------------------------------------------------------------

[2018-04-29 14:56:57 #1 type] 
Type hwr.sem4.csa.util.Participator is not enhanced.

[2018-04-29 14:56:57 #2 type] 
Type hwr.sem4.csa.util.Community is not enhanced.

------------------------------------------------------------------------------------------------------------------------

[2018-04-29 14:58:38 #1 type] 
Type hwr.sem4.csa.util.Participator is not enhanced.

[2018-04-29 14:58:38 #2 type] 
Type hwr.sem4.csa.util.Community is not enhanced.

------------------------------------------------------------------------------------------------------------------------

[2018-04-29 15:00:04 #1 type] 
Type hwr.sem4.csa.util.Participator is not enhanced.

[2018-04-29 15:00:04 #2 type] 
Type hwr.sem4.csa.util.Community is not enhanced.

------------------------------------------------------------------------------------------------------------------------

[2018-04-29 15:02:00 #1 type] 
Type hwr.sem4.csa.util.Participator is not enhanced.

[2018-04-29 15:02:00 #2 type] 
Type hwr.sem4.csa.util.Community is not enhanced.

------------------------------------------------------------------------------------------------------------------------

[2018-04-29 15:03:14 #1 type] 
Type hwr.sem4.csa.util.Participator is not enhanced.

[2018-04-29 15:03:14 #2 type] 
Type hwr.sem4.csa.util.Community is not enhanced.

------------------------------------------------------------------------------------------------------------------------

[2018-04-29 15:04:36 #1 type] 
Type hwr.sem4.csa.util.Participator is not enhanced.

[2018-04-29 15:04:36 #2 type] 
Type hwr.sem4.csa.util.Community is not enhanced.

------------------------------------------------------------------------------------------------------------------------

[2018-04-29 15:09:11 #1 type] 
Type hwr.sem4.csa.util.Participator is not enhanced.

[2018-04-29 15:09:11 #2 type] 
Type hwr.sem4.csa.util.Community is not enhanced.

------------------------------------------------------------------------------------------------------------------------

[2018-04-29 15:09:52 #1 type] 
Type hwr.sem4.csa.util.Participator is not enhanced.

[2018-04-29 15:09:52 #2 type] 
Type hwr.sem4.csa.util.Community is not enhanced.

------------------------------------------------------------------------------------------------------------------------

[2018-04-29 15:10:45 #1 type] 
Type hwr.sem4.csa.util.Participator is not enhanced.

[2018-04-29 15:10:45 #2 type] 
Type hwr.sem4.csa.util.Community is not enhanced.

------------------------------------------------------------------------------------------------------------------------

[2018-04-29 15:11:28 #1 type] 
Type hwr.sem4.csa.util.Participator is not enhanced.

[2018-04-29 15:11:28 #2 type] 
Type hwr.sem4.csa.util.Community is not enhanced.

------------------------------------------------------------------------------------------------------------------------

[2018-04-29 15:14:11 #1 type] 
Type hwr.sem4.csa.util.Participator is not enhanced.

[2018-04-29 15:14:11 #2 type] 
Type hwr.sem4.csa.util.Community is not enhanced.

------------------------------------------------------------------------------------------------------------------------

[2018-04-29 15:15:48 #1 type] 
Type hwr.sem4.csa.util.Participator is not enhanced.

[2018-04-29 15:15:48 #2 type] 
Type hwr.sem4.csa.util.Community is not enhanced.

