------------------------------------------------------------------------------------------------------------------------

[2018-04-28 10:44:04 #1 type] 
Type hwr.sem4.csa.util.Participator is not enhanced.

[2018-04-28 10:44:53 #2 query] 
Error during query execution: SELECT p FROM Participator(null)

[2018-04-28 10:44:53 #3 *] 
[ObjectDB 2.7.4] Unexpected exception (Error 990)
  Generated by Java HotSpot(TM) 64-Bit Server VM 1.8.0_161 (on Windows 10 10.0).
Please report this error on http://www.objectdb.com/database/issue/new
com.objectdb.o.InternalException: com.objectdb.o.UserException: Failed to deserialize (com.objectdb.o.HMP$f; local class incompatible: stream classdesc serialVersionUID = -8948565101163382765, local class serialVersionUID = 5621367004678080978)
com.objectdb.o.UserException: Failed to deserialize (com.objectdb.o.HMP$f; local class incompatible: stream classdesc serialVersionUID = -8948565101163382765, local class serialVersionUID = 5621367004678080978)
	at com.objectdb.o.MSG.a(MSG.java:77)
	at com.objectdb.o.BYR.i(BYR.java:811)
	at com.objectdb.o.BYR.i(BYR.java:750)
	at com.objectdb.o.CLS.u(CLS.java:384)
	at com.objectdb.o.CLS.y(CLS.java:352)
	at com.objectdb.o.CLS.z(CLS.java:283)
	at com.objectdb.o.CST.ZH(CST.java:637)
	at com.objectdb.o.QRR.k(QRR.java:249)
	at com.objectdb.o.QRR.i(QRR.java:155)
	at com.objectdb.jpa.JpaQuery.getResultList(JpaQuery.java:721)
	at hwr.sem4.csa.database.Databasehandler.getAllParticipators(Databasehandler.java:100)
	at hwr.sem4.csa.managedBeans.SysAdminManagedBean.init(SysAdminManagedBean.java:20)
	at sun.reflect.NativeMethodAccessorImpl.invoke0(Native Method)
	at sun.reflect.NativeMethodAccessorImpl.invoke(NativeMethodAccessorImpl.java:62)
	at sun.reflect.DelegatingMethodAccessorImpl.invoke(DelegatingMethodAccessorImpl.java:43)
	at java.lang.reflect.Method.invoke(Method.java:498)
	at com.sun.faces.vendor.WebContainerInjectionProvider.invokeAnnotatedMethod(WebContainerInjectionProvider.java:113)
	at com.sun.faces.vendor.WebContainerInjectionProvider.invokePostConstruct(WebContainerInjectionProvider.java:95)
	at com.sun.faces.mgbean.BeanBuilder.invokePostConstruct(BeanBuilder.java:221)
	at com.sun.faces.mgbean.BeanBuilder.build(BeanBuilder.java:103)
	at com.sun.faces.mgbean.BeanManager.createAndPush(BeanManager.java:409)
	at com.sun.faces.mgbean.BeanManager.create(BeanManager.java:269)
	at com.sun.faces.el.ManagedBeanELResolver.resolveBean(ManagedBeanELResolver.java:257)
	at com.sun.faces.el.ManagedBeanELResolver.getValue(ManagedBeanELResolver.java:117)
	at com.sun.faces.el.DemuxCompositeELResolver._getValue(DemuxCompositeELResolver.java:176)
	at com.sun.faces.el.DemuxCompositeELResolver.getValue(DemuxCompositeELResolver.java:203)
	at org.apache.el.parser.AstIdentifier.getValue(AstIdentifier.java:94)
	at org.apache.el.parser.AstValue.getValue(AstValue.java:137)
	at org.apache.el.ValueExpressionImpl.getValue(ValueExpressionImpl.java:184)
	at com.sun.faces.facelets.el.TagValueExpression.getValue(TagValueExpression.java:109)
	at javax.faces.component.ComponentStateHelper.eval(ComponentStateHelper.java:194)
	at javax.faces.component.ComponentStateHelper.eval(ComponentStateHelper.java:182)
	at javax.faces.component.UIData.getValue(UIData.java:732)
	at org.primefaces.component.api.UIData.getDataModel(UIData.java:768)
	at javax.faces.component.UIData.getRowCount(UIData.java:356)
	at org.primefaces.component.datatable.DataTableRenderer.encodeTbody(DataTableRenderer.java:1085)
	at org.primefaces.component.datatable.DataTableRenderer.encodeTbody(DataTableRenderer.java:1064)
	at org.primefaces.component.datatable.DataTableRenderer.encodeRegularTable(DataTableRenderer.java:426)
	at org.primefaces.component.datatable.DataTableRenderer.encodeMarkup(DataTableRenderer.java:361)
	at org.primefaces.component.datatable.DataTableRenderer.encodeEnd(DataTableRenderer.java:94)
	at javax.faces.component.UIComponentBase.encodeEnd(UIComponentBase.java:919)
	at javax.faces.component.UIComponent.encodeAll(UIComponent.java:1903)
	at javax.faces.component.UIComponent.encodeAll(UIComponent.java:1899)
	at org.primefaces.component.accordionpanel.AccordionPanelRenderer.encodeTab(AccordionPanelRenderer.java:252)
	at org.primefaces.component.accordionpanel.AccordionPanelRenderer.encodeTabs(AccordionPanelRenderer.java:171)
	at org.primefaces.component.accordionpanel.AccordionPanelRenderer.encodeMarkup(AccordionPanelRenderer.java:108)
	at org.primefaces.component.accordionpanel.AccordionPanelRenderer.encodeEnd(AccordionPanelRenderer.java:81)
	at javax.faces.component.UIComponentBase.encodeEnd(UIComponentBase.java:919)
	at javax.faces.component.UIComponent.encodeAll(UIComponent.java:1903)
	at javax.faces.render.Renderer.encodeChildren(Renderer.java:176)
	at javax.faces.component.UIComponentBase.encodeChildren(UIComponentBase.java:889)
	at javax.faces.component.UIComponent.encodeAll(UIComponent.java:1896)
	at javax.faces.component.UIComponent.encodeAll(UIComponent.java:1899)
	at com.sun.faces.context.PartialViewContextImpl.renderAll(PartialViewContextImpl.java:426)
	at com.sun.faces.context.PartialViewContextImpl.processPartial(PartialViewContextImpl.java:310)
	at org.primefaces.context.PrimePartialViewContext.processPartial(PrimePartialViewContext.java:57)
	at javax.faces.component.UIViewRoot.encodeChildren(UIViewRoot.java:1004)
	at javax.faces.component.UIComponent.encodeAll(UIComponent.java:1896)
	at com.sun.faces.application.view.FaceletViewHandlingStrategy.renderView(FaceletViewHandlingStrategy.java:425)
	at com.sun.faces.application.view.MultiViewHandler.renderView(MultiViewHandler.java:131)
	at com.sun.faces.lifecycle.RenderResponsePhase.execute(RenderResponsePhase.java:120)
	at com.sun.faces.lifecycle.Phase.doPhase(Phase.java:101)
	at com.sun.faces.lifecycle.LifecycleImpl.render(LifecycleImpl.java:219)
	at javax.faces.webapp.FacesServlet.service(FacesServlet.java:647)
	at org.apache.catalina.core.ApplicationFilterChain.internalDoFilter(ApplicationFilterChain.java:231)
	at org.apache.catalina.core.ApplicationFilterChain.doFilter(ApplicationFilterChain.java:166)
	at org.apache.tomcat.websocket.server.WsFilter.doFilter(WsFilter.java:53)
	at org.apache.catalina.core.ApplicationFilterChain.internalDoFilter(ApplicationFilterChain.java:193)
	at org.apache.catalina.core.ApplicationFilterChain.doFilter(ApplicationFilterChain.java:166)
	at org.apache.catalina.core.StandardWrapperValve.invoke(StandardWrapperValve.java:199)
	at org.apache.catalina.core.StandardContextValve.invoke(StandardContextValve.java:96)
	at org.apache.catalina.authenticator.AuthenticatorBase.invoke(AuthenticatorBase.java:494)
	at org.apache.catalina.core.StandardHostValve.invoke(StandardHostValve.java:137)
	at org.apache.catalina.valves.ErrorReportValve.invoke(ErrorReportValve.java:92)
	at org.apache.catalina.valves.AbstractAccessLogValve.invoke(AbstractAccessLogValve.java:651)
	at org.apache.catalina.core.StandardEngineValve.invoke(StandardEngineValve.java:87)
	at org.apache.catalina.connector.CoyoteAdapter.service(CoyoteAdapter.java:343)
	at org.apache.coyote.http11.Http11Processor.service(Http11Processor.java:407)
	at org.apache.coyote.AbstractProcessorLight.process(AbstractProcessorLight.java:66)
	at org.apache.coyote.AbstractProtocol$ConnectionHandler.process(AbstractProtocol.java:754)
	at org.apache.tomcat.util.net.NioEndpoint$SocketProcessor.doRun(NioEndpoint.java:1376)
	at org.apache.tomcat.util.net.SocketProcessorBase.run(SocketProcessorBase.java:49)
	at java.util.concurrent.ThreadPoolExecutor.runWorker(ThreadPoolExecutor.java:1149)
	at java.util.concurrent.ThreadPoolExecutor$Worker.run(ThreadPoolExecutor.java:624)
	at org.apache.tomcat.util.threads.TaskThread$WrappingRunnable.run(TaskThread.java:61)
	at java.lang.Thread.run(Thread.java:748)
Caused by: java.io.InvalidClassException: com.objectdb.o.HMP$f; local class incompatible: stream classdesc serialVersionUID = -8948565101163382765, local class serialVersionUID = 5621367004678080978
	at java.io.ObjectStreamClass.initNonProxy(ObjectStreamClass.java:687)
	at java.io.ObjectInputStream.readNonProxyDesc(ObjectInputStream.java:1876)
	at java.io.ObjectInputStream.readClassDesc(ObjectInputStream.java:1745)
	at java.io.ObjectInputStream.readOrdinaryObject(ObjectInputStream.java:2033)
	at java.io.ObjectInputStream.readObject0(ObjectInputStream.java:1567)
	at java.io.ObjectInputStream.readArray(ObjectInputStream.java:1966)
	at java.io.ObjectInputStream.readObject0(ObjectInputStream.java:1561)
	at java.io.ObjectInputStream.defaultReadFields(ObjectInputStream.java:2278)
	at java.io.ObjectInputStream.readSerialData(ObjectInputStream.java:2202)
	at java.io.ObjectInputStream.readOrdinaryObject(ObjectInputStream.java:2060)
	at java.io.ObjectInputStream.readObject0(ObjectInputStream.java:1567)
	at java.io.ObjectInputStream.defaultReadFields(ObjectInputStream.java:2278)
	at java.io.ObjectInputStream.readSerialData(ObjectInputStream.java:2202)
	at java.io.ObjectInputStream.readOrdinaryObject(ObjectInputStream.java:2060)
	at java.io.ObjectInputStream.readObject0(ObjectInputStream.java:1567)
	at java.io.ObjectInputStream.readObject(ObjectInputStream.java:427)
	at com.objectdb.o.BYR.i(BYR.java:785)
	... 84 more

------------------------------------------------------------------------------------------------------------------------

[2018-04-28 10:46:48 #1 type] 
Type hwr.sem4.csa.util.Participator is not enhanced.

[2018-04-28 10:46:50 #2 query] 
Error during query execution: SELECT p FROM Participator(null)

[2018-04-28 10:46:50 #3 *] 
[ObjectDB 2.7.4] Unexpected exception (Error 990)
  Generated by Java HotSpot(TM) 64-Bit Server VM 1.8.0_161 (on Windows 10 10.0).
Please report this error on http://www.objectdb.com/database/issue/new
com.objectdb.o.InternalException: com.objectdb.o.UserException: Failed to deserialize (com.objectdb.o.HMP$f; local class incompatible: stream classdesc serialVersionUID = -8948565101163382765, local class serialVersionUID = 5621367004678080978)
com.objectdb.o.UserException: Failed to deserialize (com.objectdb.o.HMP$f; local class incompatible: stream classdesc serialVersionUID = -8948565101163382765, local class serialVersionUID = 5621367004678080978)
	at com.objectdb.o.MSG.a(MSG.java:77)
	at com.objectdb.o.BYR.i(BYR.java:811)
	at com.objectdb.o.BYR.i(BYR.java:750)
	at com.objectdb.o.CLS.u(CLS.java:384)
	at com.objectdb.o.CLS.y(CLS.java:352)
	at com.objectdb.o.CLS.z(CLS.java:283)
	at com.objectdb.o.CST.ZH(CST.java:637)
	at com.objectdb.o.QRR.k(QRR.java:249)
	at com.objectdb.o.QRR.i(QRR.java:155)
	at com.objectdb.jpa.JpaQuery.getResultList(JpaQuery.java:721)
	at hwr.sem4.csa.database.Databasehandler.getAllParticipators(Databasehandler.java:100)
	at hwr.sem4.csa.managedBeans.SysAdminManagedBean.init(SysAdminManagedBean.java:20)
	at sun.reflect.NativeMethodAccessorImpl.invoke0(Native Method)
	at sun.reflect.NativeMethodAccessorImpl.invoke(NativeMethodAccessorImpl.java:62)
	at sun.reflect.DelegatingMethodAccessorImpl.invoke(DelegatingMethodAccessorImpl.java:43)
	at java.lang.reflect.Method.invoke(Method.java:498)
	at com.sun.faces.vendor.WebContainerInjectionProvider.invokeAnnotatedMethod(WebContainerInjectionProvider.java:113)
	at com.sun.faces.vendor.WebContainerInjectionProvider.invokePostConstruct(WebContainerInjectionProvider.java:95)
	at com.sun.faces.mgbean.BeanBuilder.invokePostConstruct(BeanBuilder.java:221)
	at com.sun.faces.mgbean.BeanBuilder.build(BeanBuilder.java:103)
	at com.sun.faces.mgbean.BeanManager.createAndPush(BeanManager.java:409)
	at com.sun.faces.mgbean.BeanManager.create(BeanManager.java:269)
	at com.sun.faces.el.ManagedBeanELResolver.resolveBean(ManagedBeanELResolver.java:257)
	at com.sun.faces.el.ManagedBeanELResolver.getValue(ManagedBeanELResolver.java:117)
	at com.sun.faces.el.DemuxCompositeELResolver._getValue(DemuxCompositeELResolver.java:176)
	at com.sun.faces.el.DemuxCompositeELResolver.getValue(DemuxCompositeELResolver.java:203)
	at org.apache.el.parser.AstIdentifier.getValue(AstIdentifier.java:94)
	at org.apache.el.parser.AstValue.getValue(AstValue.java:137)
	at org.apache.el.ValueExpressionImpl.getValue(ValueExpressionImpl.java:184)
	at com.sun.faces.facelets.el.TagValueExpression.getValue(TagValueExpression.java:109)
	at javax.faces.component.ComponentStateHelper.eval(ComponentStateHelper.java:194)
	at javax.faces.component.ComponentStateHelper.eval(ComponentStateHelper.java:182)
	at javax.faces.component.UIData.getValue(UIData.java:732)
	at org.primefaces.component.api.UIData.getDataModel(UIData.java:768)
	at javax.faces.component.UIData.getRowCount(UIData.java:356)
	at org.primefaces.component.datatable.DataTableRenderer.encodeTbody(DataTableRenderer.java:1085)
	at org.primefaces.component.datatable.DataTableRenderer.encodeTbody(DataTableRenderer.java:1064)
	at org.primefaces.component.datatable.DataTableRenderer.encodeRegularTable(DataTableRenderer.java:426)
	at org.primefaces.component.datatable.DataTableRenderer.encodeMarkup(DataTableRenderer.java:361)
	at org.primefaces.component.datatable.DataTableRenderer.encodeEnd(DataTableRenderer.java:94)
	at javax.faces.component.UIComponentBase.encodeEnd(UIComponentBase.java:919)
	at javax.faces.component.UIComponent.encodeAll(UIComponent.java:1903)
	at javax.faces.component.UIComponent.encodeAll(UIComponent.java:1899)
	at org.primefaces.component.accordionpanel.AccordionPanelRenderer.encodeTab(AccordionPanelRenderer.java:252)
	at org.primefaces.component.accordionpanel.AccordionPanelRenderer.encodeTabs(AccordionPanelRenderer.java:171)
	at org.primefaces.component.accordionpanel.AccordionPanelRenderer.encodeMarkup(AccordionPanelRenderer.java:108)
	at org.primefaces.component.accordionpanel.AccordionPanelRenderer.encodeEnd(AccordionPanelRenderer.java:81)
	at javax.faces.component.UIComponentBase.encodeEnd(UIComponentBase.java:919)
	at javax.faces.component.UIComponent.encodeAll(UIComponent.java:1903)
	at javax.faces.render.Renderer.encodeChildren(Renderer.java:176)
	at javax.faces.component.UIComponentBase.encodeChildren(UIComponentBase.java:889)
	at javax.faces.component.UIComponent.encodeAll(UIComponent.java:1896)
	at javax.faces.component.UIComponent.encodeAll(UIComponent.java:1899)
	at com.sun.faces.context.PartialViewContextImpl.renderAll(PartialViewContextImpl.java:426)
	at com.sun.faces.context.PartialViewContextImpl.processPartial(PartialViewContextImpl.java:310)
	at org.primefaces.context.PrimePartialViewContext.processPartial(PrimePartialViewContext.java:57)
	at javax.faces.component.UIViewRoot.encodeChildren(UIViewRoot.java:1004)
	at javax.faces.component.UIComponent.encodeAll(UIComponent.java:1896)
	at com.sun.faces.application.view.FaceletViewHandlingStrategy.renderView(FaceletViewHandlingStrategy.java:425)
	at com.sun.faces.application.view.MultiViewHandler.renderView(MultiViewHandler.java:131)
	at com.sun.faces.lifecycle.RenderResponsePhase.execute(RenderResponsePhase.java:120)
	at com.sun.faces.lifecycle.Phase.doPhase(Phase.java:101)
	at com.sun.faces.lifecycle.LifecycleImpl.render(LifecycleImpl.java:219)
	at javax.faces.webapp.FacesServlet.service(FacesServlet.java:647)
	at org.apache.catalina.core.ApplicationFilterChain.internalDoFilter(ApplicationFilterChain.java:231)
	at org.apache.catalina.core.ApplicationFilterChain.doFilter(ApplicationFilterChain.java:166)
	at org.apache.tomcat.websocket.server.WsFilter.doFilter(WsFilter.java:53)
	at org.apache.catalina.core.ApplicationFilterChain.internalDoFilter(ApplicationFilterChain.java:193)
	at org.apache.catalina.core.ApplicationFilterChain.doFilter(ApplicationFilterChain.java:166)
	at org.apache.catalina.core.StandardWrapperValve.invoke(StandardWrapperValve.java:199)
	at org.apache.catalina.core.StandardContextValve.invoke(StandardContextValve.java:96)
	at org.apache.catalina.authenticator.AuthenticatorBase.invoke(AuthenticatorBase.java:494)
	at org.apache.catalina.core.StandardHostValve.invoke(StandardHostValve.java:137)
	at org.apache.catalina.valves.ErrorReportValve.invoke(ErrorReportValve.java:92)
	at org.apache.catalina.valves.AbstractAccessLogValve.invoke(AbstractAccessLogValve.java:651)
	at org.apache.catalina.core.StandardEngineValve.invoke(StandardEngineValve.java:87)
	at org.apache.catalina.connector.CoyoteAdapter.service(CoyoteAdapter.java:343)
	at org.apache.coyote.http11.Http11Processor.service(Http11Processor.java:407)
	at org.apache.coyote.AbstractProcessorLight.process(AbstractProcessorLight.java:66)
	at org.apache.coyote.AbstractProtocol$ConnectionHandler.process(AbstractProtocol.java:754)
	at org.apache.tomcat.util.net.NioEndpoint$SocketProcessor.doRun(NioEndpoint.java:1376)
	at org.apache.tomcat.util.net.SocketProcessorBase.run(SocketProcessorBase.java:49)
	at java.util.concurrent.ThreadPoolExecutor.runWorker(ThreadPoolExecutor.java:1149)
	at java.util.concurrent.ThreadPoolExecutor$Worker.run(ThreadPoolExecutor.java:624)
	at org.apache.tomcat.util.threads.TaskThread$WrappingRunnable.run(TaskThread.java:61)
	at java.lang.Thread.run(Thread.java:748)
Caused by: java.io.InvalidClassException: com.objectdb.o.HMP$f; local class incompatible: stream classdesc serialVersionUID = -8948565101163382765, local class serialVersionUID = 5621367004678080978
	at java.io.ObjectStreamClass.initNonProxy(ObjectStreamClass.java:687)
	at java.io.ObjectInputStream.readNonProxyDesc(ObjectInputStream.java:1876)
	at java.io.ObjectInputStream.readClassDesc(ObjectInputStream.java:1745)
	at java.io.ObjectInputStream.readOrdinaryObject(ObjectInputStream.java:2033)
	at java.io.ObjectInputStream.readObject0(ObjectInputStream.java:1567)
	at java.io.ObjectInputStream.readArray(ObjectInputStream.java:1966)
	at java.io.ObjectInputStream.readObject0(ObjectInputStream.java:1561)
	at java.io.ObjectInputStream.defaultReadFields(ObjectInputStream.java:2278)
	at java.io.ObjectInputStream.readSerialData(ObjectInputStream.java:2202)
	at java.io.ObjectInputStream.readOrdinaryObject(ObjectInputStream.java:2060)
	at java.io.ObjectInputStream.readObject0(ObjectInputStream.java:1567)
	at java.io.ObjectInputStream.defaultReadFields(ObjectInputStream.java:2278)
	at java.io.ObjectInputStream.readSerialData(ObjectInputStream.java:2202)
	at java.io.ObjectInputStream.readOrdinaryObject(ObjectInputStream.java:2060)
	at java.io.ObjectInputStream.readObject0(ObjectInputStream.java:1567)
	at java.io.ObjectInputStream.readObject(ObjectInputStream.java:427)
	at com.objectdb.o.BYR.i(BYR.java:785)
	... 84 more

------------------------------------------------------------------------------------------------------------------------

[2018-04-28 10:47:43 #1 type] 
Type hwr.sem4.csa.util.Participator is not enhanced.

[2018-04-28 10:47:45 #2 query] 
Error during query execution: SELECT p FROM Participator(null)

[2018-04-28 10:47:45 #3 *] 
[ObjectDB 2.7.4] Unexpected exception (Error 990)
  Generated by Java HotSpot(TM) 64-Bit Server VM 1.8.0_161 (on Windows 10 10.0).
Please report this error on http://www.objectdb.com/database/issue/new
com.objectdb.o.InternalException: com.objectdb.o.UserException: Failed to deserialize (com.objectdb.o.HMP$f; local class incompatible: stream classdesc serialVersionUID = -8948565101163382765, local class serialVersionUID = 5621367004678080978)
com.objectdb.o.UserException: Failed to deserialize (com.objectdb.o.HMP$f; local class incompatible: stream classdesc serialVersionUID = -8948565101163382765, local class serialVersionUID = 5621367004678080978)
	at com.objectdb.o.MSG.a(MSG.java:77)
	at com.objectdb.o.BYR.i(BYR.java:811)
	at com.objectdb.o.BYR.i(BYR.java:750)
	at com.objectdb.o.CLS.u(CLS.java:384)
	at com.objectdb.o.CLS.y(CLS.java:352)
	at com.objectdb.o.CLS.z(CLS.java:283)
	at com.objectdb.o.CST.ZH(CST.java:637)
	at com.objectdb.o.QRR.k(QRR.java:249)
	at com.objectdb.o.QRR.i(QRR.java:155)
	at com.objectdb.jpa.JpaQuery.getResultList(JpaQuery.java:721)
	at hwr.sem4.csa.database.Databasehandler.getAllParticipators(Databasehandler.java:100)
	at hwr.sem4.csa.managedBeans.SysAdminManagedBean.init(SysAdminManagedBean.java:20)
	at sun.reflect.NativeMethodAccessorImpl.invoke0(Native Method)
	at sun.reflect.NativeMethodAccessorImpl.invoke(NativeMethodAccessorImpl.java:62)
	at sun.reflect.DelegatingMethodAccessorImpl.invoke(DelegatingMethodAccessorImpl.java:43)
	at java.lang.reflect.Method.invoke(Method.java:498)
	at com.sun.faces.vendor.WebContainerInjectionProvider.invokeAnnotatedMethod(WebContainerInjectionProvider.java:113)
	at com.sun.faces.vendor.WebContainerInjectionProvider.invokePostConstruct(WebContainerInjectionProvider.java:95)
	at com.sun.faces.mgbean.BeanBuilder.invokePostConstruct(BeanBuilder.java:221)
	at com.sun.faces.mgbean.BeanBuilder.build(BeanBuilder.java:103)
	at com.sun.faces.mgbean.BeanManager.createAndPush(BeanManager.java:409)
	at com.sun.faces.mgbean.BeanManager.create(BeanManager.java:269)
	at com.sun.faces.el.ManagedBeanELResolver.resolveBean(ManagedBeanELResolver.java:257)
	at com.sun.faces.el.ManagedBeanELResolver.getValue(ManagedBeanELResolver.java:117)
	at com.sun.faces.el.DemuxCompositeELResolver._getValue(DemuxCompositeELResolver.java:176)
	at com.sun.faces.el.DemuxCompositeELResolver.getValue(DemuxCompositeELResolver.java:203)
	at org.apache.el.parser.AstIdentifier.getValue(AstIdentifier.java:94)
	at org.apache.el.parser.AstValue.getValue(AstValue.java:137)
	at org.apache.el.ValueExpressionImpl.getValue(ValueExpressionImpl.java:184)
	at com.sun.faces.facelets.el.TagValueExpression.getValue(TagValueExpression.java:109)
	at javax.faces.component.ComponentStateHelper.eval(ComponentStateHelper.java:194)
	at javax.faces.component.ComponentStateHelper.eval(ComponentStateHelper.java:182)
	at javax.faces.component.UIData.getValue(UIData.java:732)
	at org.primefaces.component.api.UIData.getDataModel(UIData.java:768)
	at javax.faces.component.UIData.getRowCount(UIData.java:356)
	at org.primefaces.component.datatable.DataTableRenderer.encodeTbody(DataTableRenderer.java:1085)
	at org.primefaces.component.datatable.DataTableRenderer.encodeTbody(DataTableRenderer.java:1064)
	at org.primefaces.component.datatable.DataTableRenderer.encodeRegularTable(DataTableRenderer.java:426)
	at org.primefaces.component.datatable.DataTableRenderer.encodeMarkup(DataTableRenderer.java:361)
	at org.primefaces.component.datatable.DataTableRenderer.encodeEnd(DataTableRenderer.java:94)
	at javax.faces.component.UIComponentBase.encodeEnd(UIComponentBase.java:919)
	at javax.faces.component.UIComponent.encodeAll(UIComponent.java:1903)
	at javax.faces.component.UIComponent.encodeAll(UIComponent.java:1899)
	at org.primefaces.component.accordionpanel.AccordionPanelRenderer.encodeTab(AccordionPanelRenderer.java:252)
	at org.primefaces.component.accordionpanel.AccordionPanelRenderer.encodeTabs(AccordionPanelRenderer.java:171)
	at org.primefaces.component.accordionpanel.AccordionPanelRenderer.encodeMarkup(AccordionPanelRenderer.java:108)
	at org.primefaces.component.accordionpanel.AccordionPanelRenderer.encodeEnd(AccordionPanelRenderer.java:81)
	at javax.faces.component.UIComponentBase.encodeEnd(UIComponentBase.java:919)
	at javax.faces.component.UIComponent.encodeAll(UIComponent.java:1903)
	at javax.faces.render.Renderer.encodeChildren(Renderer.java:176)
	at javax.faces.component.UIComponentBase.encodeChildren(UIComponentBase.java:889)
	at javax.faces.component.UIComponent.encodeAll(UIComponent.java:1896)
	at javax.faces.component.UIComponent.encodeAll(UIComponent.java:1899)
	at com.sun.faces.context.PartialViewContextImpl.renderAll(PartialViewContextImpl.java:426)
	at com.sun.faces.context.PartialViewContextImpl.processPartial(PartialViewContextImpl.java:310)
	at org.primefaces.context.PrimePartialViewContext.processPartial(PrimePartialViewContext.java:57)
	at javax.faces.component.UIViewRoot.encodeChildren(UIViewRoot.java:1004)
	at javax.faces.component.UIComponent.encodeAll(UIComponent.java:1896)
	at com.sun.faces.application.view.FaceletViewHandlingStrategy.renderView(FaceletViewHandlingStrategy.java:425)
	at com.sun.faces.application.view.MultiViewHandler.renderView(MultiViewHandler.java:131)
	at com.sun.faces.lifecycle.RenderResponsePhase.execute(RenderResponsePhase.java:120)
	at com.sun.faces.lifecycle.Phase.doPhase(Phase.java:101)
	at com.sun.faces.lifecycle.LifecycleImpl.render(LifecycleImpl.java:219)
	at javax.faces.webapp.FacesServlet.service(FacesServlet.java:647)
	at org.apache.catalina.core.ApplicationFilterChain.internalDoFilter(ApplicationFilterChain.java:231)
	at org.apache.catalina.core.ApplicationFilterChain.doFilter(ApplicationFilterChain.java:166)
	at org.apache.tomcat.websocket.server.WsFilter.doFilter(WsFilter.java:53)
	at org.apache.catalina.core.ApplicationFilterChain.internalDoFilter(ApplicationFilterChain.java:193)
	at org.apache.catalina.core.ApplicationFilterChain.doFilter(ApplicationFilterChain.java:166)
	at org.apache.catalina.core.StandardWrapperValve.invoke(StandardWrapperValve.java:199)
	at org.apache.catalina.core.StandardContextValve.invoke(StandardContextValve.java:96)
	at org.apache.catalina.authenticator.AuthenticatorBase.invoke(AuthenticatorBase.java:494)
	at org.apache.catalina.core.StandardHostValve.invoke(StandardHostValve.java:137)
	at org.apache.catalina.valves.ErrorReportValve.invoke(ErrorReportValve.java:92)
	at org.apache.catalina.valves.AbstractAccessLogValve.invoke(AbstractAccessLogValve.java:651)
	at org.apache.catalina.core.StandardEngineValve.invoke(StandardEngineValve.java:87)
	at org.apache.catalina.connector.CoyoteAdapter.service(CoyoteAdapter.java:343)
	at org.apache.coyote.http11.Http11Processor.service(Http11Processor.java:407)
	at org.apache.coyote.AbstractProcessorLight.process(AbstractProcessorLight.java:66)
	at org.apache.coyote.AbstractProtocol$ConnectionHandler.process(AbstractProtocol.java:754)
	at org.apache.tomcat.util.net.NioEndpoint$SocketProcessor.doRun(NioEndpoint.java:1376)
	at org.apache.tomcat.util.net.SocketProcessorBase.run(SocketProcessorBase.java:49)
	at java.util.concurrent.ThreadPoolExecutor.runWorker(ThreadPoolExecutor.java:1149)
	at java.util.concurrent.ThreadPoolExecutor$Worker.run(ThreadPoolExecutor.java:624)
	at org.apache.tomcat.util.threads.TaskThread$WrappingRunnable.run(TaskThread.java:61)
	at java.lang.Thread.run(Thread.java:748)
Caused by: java.io.InvalidClassException: com.objectdb.o.HMP$f; local class incompatible: stream classdesc serialVersionUID = -8948565101163382765, local class serialVersionUID = 5621367004678080978
	at java.io.ObjectStreamClass.initNonProxy(ObjectStreamClass.java:687)
	at java.io.ObjectInputStream.readNonProxyDesc(ObjectInputStream.java:1876)
	at java.io.ObjectInputStream.readClassDesc(ObjectInputStream.java:1745)
	at java.io.ObjectInputStream.readOrdinaryObject(ObjectInputStream.java:2033)
	at java.io.ObjectInputStream.readObject0(ObjectInputStream.java:1567)
	at java.io.ObjectInputStream.readArray(ObjectInputStream.java:1966)
	at java.io.ObjectInputStream.readObject0(ObjectInputStream.java:1561)
	at java.io.ObjectInputStream.defaultReadFields(ObjectInputStream.java:2278)
	at java.io.ObjectInputStream.readSerialData(ObjectInputStream.java:2202)
	at java.io.ObjectInputStream.readOrdinaryObject(ObjectInputStream.java:2060)
	at java.io.ObjectInputStream.readObject0(ObjectInputStream.java:1567)
	at java.io.ObjectInputStream.defaultReadFields(ObjectInputStream.java:2278)
	at java.io.ObjectInputStream.readSerialData(ObjectInputStream.java:2202)
	at java.io.ObjectInputStream.readOrdinaryObject(ObjectInputStream.java:2060)
	at java.io.ObjectInputStream.readObject0(ObjectInputStream.java:1567)
	at java.io.ObjectInputStream.readObject(ObjectInputStream.java:427)
	at com.objectdb.o.BYR.i(BYR.java:785)
	... 84 more

------------------------------------------------------------------------------------------------------------------------

[2018-04-28 10:51:29 #1 type] 
Type hwr.sem4.csa.util.Participator is not enhanced.

[2018-04-28 10:51:31 #2 query] 
Error during query execution: SELECT p FROM Participator(null)

[2018-04-28 10:51:31 #3 *] 
[ObjectDB 2.7.4] Unexpected exception (Error 990)
  Generated by Java HotSpot(TM) 64-Bit Server VM 1.8.0_161 (on Windows 10 10.0).
Please report this error on http://www.objectdb.com/database/issue/new
com.objectdb.o.InternalException: com.objectdb.o.UserException: Failed to deserialize (com.objectdb.o.HMP$f; local class incompatible: stream classdesc serialVersionUID = -8948565101163382765, local class serialVersionUID = 5621367004678080978)
com.objectdb.o.UserException: Failed to deserialize (com.objectdb.o.HMP$f; local class incompatible: stream classdesc serialVersionUID = -8948565101163382765, local class serialVersionUID = 5621367004678080978)
	at com.objectdb.o.MSG.a(MSG.java:77)
	at com.objectdb.o.BYR.i(BYR.java:811)
	at com.objectdb.o.BYR.i(BYR.java:750)
	at com.objectdb.o.CLS.u(CLS.java:384)
	at com.objectdb.o.CLS.y(CLS.java:352)
	at com.objectdb.o.CLS.z(CLS.java:283)
	at com.objectdb.o.CST.ZH(CST.java:637)
	at com.objectdb.o.QRR.k(QRR.java:249)
	at com.objectdb.o.QRR.i(QRR.java:155)
	at com.objectdb.jpa.JpaQuery.getResultList(JpaQuery.java:721)
	at hwr.sem4.csa.database.Databasehandler.getAllParticipators(Databasehandler.java:100)
	at hwr.sem4.csa.managedBeans.SysAdminManagedBean.init(SysAdminManagedBean.java:20)
	at sun.reflect.NativeMethodAccessorImpl.invoke0(Native Method)
	at sun.reflect.NativeMethodAccessorImpl.invoke(NativeMethodAccessorImpl.java:62)
	at sun.reflect.DelegatingMethodAccessorImpl.invoke(DelegatingMethodAccessorImpl.java:43)
	at java.lang.reflect.Method.invoke(Method.java:498)
	at com.sun.faces.vendor.WebContainerInjectionProvider.invokeAnnotatedMethod(WebContainerInjectionProvider.java:113)
	at com.sun.faces.vendor.WebContainerInjectionProvider.invokePostConstruct(WebContainerInjectionProvider.java:95)
	at com.sun.faces.mgbean.BeanBuilder.invokePostConstruct(BeanBuilder.java:221)
	at com.sun.faces.mgbean.BeanBuilder.build(BeanBuilder.java:103)
	at com.sun.faces.mgbean.BeanManager.createAndPush(BeanManager.java:409)
	at com.sun.faces.mgbean.BeanManager.create(BeanManager.java:269)
	at com.sun.faces.el.ManagedBeanELResolver.resolveBean(ManagedBeanELResolver.java:257)
	at com.sun.faces.el.ManagedBeanELResolver.getValue(ManagedBeanELResolver.java:117)
	at com.sun.faces.el.DemuxCompositeELResolver._getValue(DemuxCompositeELResolver.java:176)
	at com.sun.faces.el.DemuxCompositeELResolver.getValue(DemuxCompositeELResolver.java:203)
	at org.apache.el.parser.AstIdentifier.getValue(AstIdentifier.java:94)
	at org.apache.el.parser.AstValue.getValue(AstValue.java:137)
	at org.apache.el.ValueExpressionImpl.getValue(ValueExpressionImpl.java:184)
	at com.sun.faces.facelets.el.TagValueExpression.getValue(TagValueExpression.java:109)
	at javax.faces.component.ComponentStateHelper.eval(ComponentStateHelper.java:194)
	at javax.faces.component.ComponentStateHelper.eval(ComponentStateHelper.java:182)
	at javax.faces.component.UIData.getValue(UIData.java:732)
	at org.primefaces.component.api.UIData.getDataModel(UIData.java:768)
	at javax.faces.component.UIData.getRowCount(UIData.java:356)
	at org.primefaces.component.datatable.DataTableRenderer.encodeTbody(DataTableRenderer.java:1085)
	at org.primefaces.component.datatable.DataTableRenderer.encodeTbody(DataTableRenderer.java:1064)
	at org.primefaces.component.datatable.DataTableRenderer.encodeRegularTable(DataTableRenderer.java:426)
	at org.primefaces.component.datatable.DataTableRenderer.encodeMarkup(DataTableRenderer.java:361)
	at org.primefaces.component.datatable.DataTableRenderer.encodeEnd(DataTableRenderer.java:94)
	at javax.faces.component.UIComponentBase.encodeEnd(UIComponentBase.java:919)
	at javax.faces.component.UIComponent.encodeAll(UIComponent.java:1903)
	at javax.faces.component.UIComponent.encodeAll(UIComponent.java:1899)
	at org.primefaces.component.accordionpanel.AccordionPanelRenderer.encodeTab(AccordionPanelRenderer.java:252)
	at org.primefaces.component.accordionpanel.AccordionPanelRenderer.encodeTabs(AccordionPanelRenderer.java:171)
	at org.primefaces.component.accordionpanel.AccordionPanelRenderer.encodeMarkup(AccordionPanelRenderer.java:108)
	at org.primefaces.component.accordionpanel.AccordionPanelRenderer.encodeEnd(AccordionPanelRenderer.java:81)
	at javax.faces.component.UIComponentBase.encodeEnd(UIComponentBase.java:919)
	at javax.faces.component.UIComponent.encodeAll(UIComponent.java:1903)
	at javax.faces.render.Renderer.encodeChildren(Renderer.java:176)
	at javax.faces.component.UIComponentBase.encodeChildren(UIComponentBase.java:889)
	at javax.faces.component.UIComponent.encodeAll(UIComponent.java:1896)
	at javax.faces.component.UIComponent.encodeAll(UIComponent.java:1899)
	at com.sun.faces.context.PartialViewContextImpl.renderAll(PartialViewContextImpl.java:426)
	at com.sun.faces.context.PartialViewContextImpl.processPartial(PartialViewContextImpl.java:310)
	at org.primefaces.context.PrimePartialViewContext.processPartial(PrimePartialViewContext.java:57)
	at javax.faces.component.UIViewRoot.encodeChildren(UIViewRoot.java:1004)
	at javax.faces.component.UIComponent.encodeAll(UIComponent.java:1896)
	at com.sun.faces.application.view.FaceletViewHandlingStrategy.renderView(FaceletViewHandlingStrategy.java:425)
	at com.sun.faces.application.view.MultiViewHandler.renderView(MultiViewHandler.java:131)
	at com.sun.faces.lifecycle.RenderResponsePhase.execute(RenderResponsePhase.java:120)
	at com.sun.faces.lifecycle.Phase.doPhase(Phase.java:101)
	at com.sun.faces.lifecycle.LifecycleImpl.render(LifecycleImpl.java:219)
	at javax.faces.webapp.FacesServlet.service(FacesServlet.java:647)
	at org.apache.catalina.core.ApplicationFilterChain.internalDoFilter(ApplicationFilterChain.java:231)
	at org.apache.catalina.core.ApplicationFilterChain.doFilter(ApplicationFilterChain.java:166)
	at org.apache.tomcat.websocket.server.WsFilter.doFilter(WsFilter.java:53)
	at org.apache.catalina.core.ApplicationFilterChain.internalDoFilter(ApplicationFilterChain.java:193)
	at org.apache.catalina.core.ApplicationFilterChain.doFilter(ApplicationFilterChain.java:166)
	at org.apache.catalina.core.StandardWrapperValve.invoke(StandardWrapperValve.java:199)
	at org.apache.catalina.core.StandardContextValve.invoke(StandardContextValve.java:96)
	at org.apache.catalina.authenticator.AuthenticatorBase.invoke(AuthenticatorBase.java:494)
	at org.apache.catalina.core.StandardHostValve.invoke(StandardHostValve.java:137)
	at org.apache.catalina.valves.ErrorReportValve.invoke(ErrorReportValve.java:92)
	at org.apache.catalina.valves.AbstractAccessLogValve.invoke(AbstractAccessLogValve.java:651)
	at org.apache.catalina.core.StandardEngineValve.invoke(StandardEngineValve.java:87)
	at org.apache.catalina.connector.CoyoteAdapter.service(CoyoteAdapter.java:343)
	at org.apache.coyote.http11.Http11Processor.service(Http11Processor.java:407)
	at org.apache.coyote.AbstractProcessorLight.process(AbstractProcessorLight.java:66)
	at org.apache.coyote.AbstractProtocol$ConnectionHandler.process(AbstractProtocol.java:754)
	at org.apache.tomcat.util.net.NioEndpoint$SocketProcessor.doRun(NioEndpoint.java:1376)
	at org.apache.tomcat.util.net.SocketProcessorBase.run(SocketProcessorBase.java:49)
	at java.util.concurrent.ThreadPoolExecutor.runWorker(ThreadPoolExecutor.java:1149)
	at java.util.concurrent.ThreadPoolExecutor$Worker.run(ThreadPoolExecutor.java:624)
	at org.apache.tomcat.util.threads.TaskThread$WrappingRunnable.run(TaskThread.java:61)
	at java.lang.Thread.run(Thread.java:748)
Caused by: java.io.InvalidClassException: com.objectdb.o.HMP$f; local class incompatible: stream classdesc serialVersionUID = -8948565101163382765, local class serialVersionUID = 5621367004678080978
	at java.io.ObjectStreamClass.initNonProxy(ObjectStreamClass.java:687)
	at java.io.ObjectInputStream.readNonProxyDesc(ObjectInputStream.java:1876)
	at java.io.ObjectInputStream.readClassDesc(ObjectInputStream.java:1745)
	at java.io.ObjectInputStream.readOrdinaryObject(ObjectInputStream.java:2033)
	at java.io.ObjectInputStream.readObject0(ObjectInputStream.java:1567)
	at java.io.ObjectInputStream.readArray(ObjectInputStream.java:1966)
	at java.io.ObjectInputStream.readObject0(ObjectInputStream.java:1561)
	at java.io.ObjectInputStream.defaultReadFields(ObjectInputStream.java:2278)
	at java.io.ObjectInputStream.readSerialData(ObjectInputStream.java:2202)
	at java.io.ObjectInputStream.readOrdinaryObject(ObjectInputStream.java:2060)
	at java.io.ObjectInputStream.readObject0(ObjectInputStream.java:1567)
	at java.io.ObjectInputStream.defaultReadFields(ObjectInputStream.java:2278)
	at java.io.ObjectInputStream.readSerialData(ObjectInputStream.java:2202)
	at java.io.ObjectInputStream.readOrdinaryObject(ObjectInputStream.java:2060)
	at java.io.ObjectInputStream.readObject0(ObjectInputStream.java:1567)
	at java.io.ObjectInputStream.readObject(ObjectInputStream.java:427)
	at com.objectdb.o.BYR.i(BYR.java:785)
	... 84 more

------------------------------------------------------------------------------------------------------------------------

[2018-04-28 10:58:29 #1 type] 
Type hwr.sem4.csa.util.Participator is not enhanced.

[2018-04-28 10:58:29 #2 type] 
Type hwr.sem4.csa.util.Community is not enhanced.

------------------------------------------------------------------------------------------------------------------------

[2018-04-28 10:59:22 #1 type] 
Type hwr.sem4.csa.util.Participator is not enhanced.

[2018-04-28 10:59:22 #2 type] 
Type hwr.sem4.csa.util.Community is not enhanced.

[2018-04-28 10:59:24 #3 query] 
Error during query execution: SELECT p FROM Participator(null)

[2018-04-28 10:59:24 #4 *] 
[ObjectDB 2.7.4] Unexpected exception (Error 990)
  Generated by Java HotSpot(TM) 64-Bit Server VM 1.8.0_161 (on Windows 10 10.0).
Please report this error on http://www.objectdb.com/database/issue/new
com.objectdb.o.InternalException: com.objectdb.o.UserException: Failed to deserialize (com.objectdb.o.HMP$f; local class incompatible: stream classdesc serialVersionUID = -8948565101163382765, local class serialVersionUID = 5621367004678080978)
com.objectdb.o.UserException: Failed to deserialize (com.objectdb.o.HMP$f; local class incompatible: stream classdesc serialVersionUID = -8948565101163382765, local class serialVersionUID = 5621367004678080978)
	at com.objectdb.o.MSG.a(MSG.java:77)
	at com.objectdb.o.BYR.i(BYR.java:811)
	at com.objectdb.o.BYR.i(BYR.java:750)
	at com.objectdb.o.CLS.u(CLS.java:384)
	at com.objectdb.o.CLS.y(CLS.java:352)
	at com.objectdb.o.CLS.z(CLS.java:283)
	at com.objectdb.o.CST.ZH(CST.java:637)
	at com.objectdb.o.QRR.k(QRR.java:249)
	at com.objectdb.o.QRR.i(QRR.java:155)
	at com.objectdb.jpa.JpaQuery.getResultList(JpaQuery.java:721)
	at hwr.sem4.csa.database.Databasehandler.getAllParticipators(Databasehandler.java:100)
	at hwr.sem4.csa.managedBeans.SysAdminManagedBean.init(SysAdminManagedBean.java:20)
	at sun.reflect.NativeMethodAccessorImpl.invoke0(Native Method)
	at sun.reflect.NativeMethodAccessorImpl.invoke(NativeMethodAccessorImpl.java:62)
	at sun.reflect.DelegatingMethodAccessorImpl.invoke(DelegatingMethodAccessorImpl.java:43)
	at java.lang.reflect.Method.invoke(Method.java:498)
	at com.sun.faces.vendor.WebContainerInjectionProvider.invokeAnnotatedMethod(WebContainerInjectionProvider.java:113)
	at com.sun.faces.vendor.WebContainerInjectionProvider.invokePostConstruct(WebContainerInjectionProvider.java:95)
	at com.sun.faces.mgbean.BeanBuilder.invokePostConstruct(BeanBuilder.java:221)
	at com.sun.faces.mgbean.BeanBuilder.build(BeanBuilder.java:103)
	at com.sun.faces.mgbean.BeanManager.createAndPush(BeanManager.java:409)
	at com.sun.faces.mgbean.BeanManager.create(BeanManager.java:269)
	at com.sun.faces.el.ManagedBeanELResolver.resolveBean(ManagedBeanELResolver.java:257)
	at com.sun.faces.el.ManagedBeanELResolver.getValue(ManagedBeanELResolver.java:117)
	at com.sun.faces.el.DemuxCompositeELResolver._getValue(DemuxCompositeELResolver.java:176)
	at com.sun.faces.el.DemuxCompositeELResolver.getValue(DemuxCompositeELResolver.java:203)
	at org.apache.el.parser.AstIdentifier.getValue(AstIdentifier.java:94)
	at org.apache.el.parser.AstValue.getValue(AstValue.java:137)
	at org.apache.el.ValueExpressionImpl.getValue(ValueExpressionImpl.java:184)
	at com.sun.faces.facelets.el.TagValueExpression.getValue(TagValueExpression.java:109)
	at javax.faces.component.ComponentStateHelper.eval(ComponentStateHelper.java:194)
	at javax.faces.component.ComponentStateHelper.eval(ComponentStateHelper.java:182)
	at javax.faces.component.UIData.getValue(UIData.java:732)
	at org.primefaces.component.api.UIData.getDataModel(UIData.java:768)
	at javax.faces.component.UIData.getRowCount(UIData.java:356)
	at org.primefaces.component.datatable.DataTableRenderer.encodeTbody(DataTableRenderer.java:1085)
	at org.primefaces.component.datatable.DataTableRenderer.encodeTbody(DataTableRenderer.java:1064)
	at org.primefaces.component.datatable.DataTableRenderer.encodeRegularTable(DataTableRenderer.java:426)
	at org.primefaces.component.datatable.DataTableRenderer.encodeMarkup(DataTableRenderer.java:361)
	at org.primefaces.component.datatable.DataTableRenderer.encodeEnd(DataTableRenderer.java:94)
	at javax.faces.component.UIComponentBase.encodeEnd(UIComponentBase.java:919)
	at javax.faces.component.UIComponent.encodeAll(UIComponent.java:1903)
	at javax.faces.component.UIComponent.encodeAll(UIComponent.java:1899)
	at org.primefaces.component.accordionpanel.AccordionPanelRenderer.encodeTab(AccordionPanelRenderer.java:252)
	at org.primefaces.component.accordionpanel.AccordionPanelRenderer.encodeTabs(AccordionPanelRenderer.java:171)
	at org.primefaces.component.accordionpanel.AccordionPanelRenderer.encodeMarkup(AccordionPanelRenderer.java:108)
	at org.primefaces.component.accordionpanel.AccordionPanelRenderer.encodeEnd(AccordionPanelRenderer.java:81)
	at javax.faces.component.UIComponentBase.encodeEnd(UIComponentBase.java:919)
	at javax.faces.component.UIComponent.encodeAll(UIComponent.java:1903)
	at javax.faces.render.Renderer.encodeChildren(Renderer.java:176)
	at javax.faces.component.UIComponentBase.encodeChildren(UIComponentBase.java:889)
	at javax.faces.component.UIComponent.encodeAll(UIComponent.java:1896)
	at javax.faces.component.UIComponent.encodeAll(UIComponent.java:1899)
	at com.sun.faces.context.PartialViewContextImpl.renderAll(PartialViewContextImpl.java:426)
	at com.sun.faces.context.PartialViewContextImpl.processPartial(PartialViewContextImpl.java:310)
	at org.primefaces.context.PrimePartialViewContext.processPartial(PrimePartialViewContext.java:57)
	at javax.faces.component.UIViewRoot.encodeChildren(UIViewRoot.java:1004)
	at javax.faces.component.UIComponent.encodeAll(UIComponent.java:1896)
	at com.sun.faces.application.view.FaceletViewHandlingStrategy.renderView(FaceletViewHandlingStrategy.java:425)
	at com.sun.faces.application.view.MultiViewHandler.renderView(MultiViewHandler.java:131)
	at com.sun.faces.lifecycle.RenderResponsePhase.execute(RenderResponsePhase.java:120)
	at com.sun.faces.lifecycle.Phase.doPhase(Phase.java:101)
	at com.sun.faces.lifecycle.LifecycleImpl.render(LifecycleImpl.java:219)
	at javax.faces.webapp.FacesServlet.service(FacesServlet.java:647)
	at org.apache.catalina.core.ApplicationFilterChain.internalDoFilter(ApplicationFilterChain.java:231)
	at org.apache.catalina.core.ApplicationFilterChain.doFilter(ApplicationFilterChain.java:166)
	at org.apache.tomcat.websocket.server.WsFilter.doFilter(WsFilter.java:53)
	at org.apache.catalina.core.ApplicationFilterChain.internalDoFilter(ApplicationFilterChain.java:193)
	at org.apache.catalina.core.ApplicationFilterChain.doFilter(ApplicationFilterChain.java:166)
	at org.apache.catalina.core.StandardWrapperValve.invoke(StandardWrapperValve.java:199)
	at org.apache.catalina.core.StandardContextValve.invoke(StandardContextValve.java:96)
	at org.apache.catalina.authenticator.AuthenticatorBase.invoke(AuthenticatorBase.java:494)
	at org.apache.catalina.core.StandardHostValve.invoke(StandardHostValve.java:137)
	at org.apache.catalina.valves.ErrorReportValve.invoke(ErrorReportValve.java:92)
	at org.apache.catalina.valves.AbstractAccessLogValve.invoke(AbstractAccessLogValve.java:651)
	at org.apache.catalina.core.StandardEngineValve.invoke(StandardEngineValve.java:87)
	at org.apache.catalina.connector.CoyoteAdapter.service(CoyoteAdapter.java:343)
	at org.apache.coyote.http11.Http11Processor.service(Http11Processor.java:407)
	at org.apache.coyote.AbstractProcessorLight.process(AbstractProcessorLight.java:66)
	at org.apache.coyote.AbstractProtocol$ConnectionHandler.process(AbstractProtocol.java:754)
	at org.apache.tomcat.util.net.NioEndpoint$SocketProcessor.doRun(NioEndpoint.java:1376)
	at org.apache.tomcat.util.net.SocketProcessorBase.run(SocketProcessorBase.java:49)
	at java.util.concurrent.ThreadPoolExecutor.runWorker(ThreadPoolExecutor.java:1149)
	at java.util.concurrent.ThreadPoolExecutor$Worker.run(ThreadPoolExecutor.java:624)
	at org.apache.tomcat.util.threads.TaskThread$WrappingRunnable.run(TaskThread.java:61)
	at java.lang.Thread.run(Thread.java:748)
Caused by: java.io.InvalidClassException: com.objectdb.o.HMP$f; local class incompatible: stream classdesc serialVersionUID = -8948565101163382765, local class serialVersionUID = 5621367004678080978
	at java.io.ObjectStreamClass.initNonProxy(ObjectStreamClass.java:687)
	at java.io.ObjectInputStream.readNonProxyDesc(ObjectInputStream.java:1876)
	at java.io.ObjectInputStream.readClassDesc(ObjectInputStream.java:1745)
	at java.io.ObjectInputStream.readOrdinaryObject(ObjectInputStream.java:2033)
	at java.io.ObjectInputStream.readObject0(ObjectInputStream.java:1567)
	at java.io.ObjectInputStream.readArray(ObjectInputStream.java:1966)
	at java.io.ObjectInputStream.readObject0(ObjectInputStream.java:1561)
	at java.io.ObjectInputStream.defaultReadFields(ObjectInputStream.java:2278)
	at java.io.ObjectInputStream.readSerialData(ObjectInputStream.java:2202)
	at java.io.ObjectInputStream.readOrdinaryObject(ObjectInputStream.java:2060)
	at java.io.ObjectInputStream.readObject0(ObjectInputStream.java:1567)
	at java.io.ObjectInputStream.defaultReadFields(ObjectInputStream.java:2278)
	at java.io.ObjectInputStream.readSerialData(ObjectInputStream.java:2202)
	at java.io.ObjectInputStream.readOrdinaryObject(ObjectInputStream.java:2060)
	at java.io.ObjectInputStream.readObject0(ObjectInputStream.java:1567)
	at java.io.ObjectInputStream.readObject(ObjectInputStream.java:427)
	at com.objectdb.o.BYR.i(BYR.java:785)
	... 84 more

------------------------------------------------------------------------------------------------------------------------

[2018-04-28 11:01:15 #1 type] 
Type hwr.sem4.csa.util.Participator is not enhanced.

[2018-04-28 11:01:15 #2 type] 
Type hwr.sem4.csa.util.Community is not enhanced.

------------------------------------------------------------------------------------------------------------------------

[2018-04-28 11:02:09 #1 type] 
Type hwr.sem4.csa.util.Participator is not enhanced.

[2018-04-28 11:02:09 #2 type] 
Type hwr.sem4.csa.util.Community is not enhanced.

------------------------------------------------------------------------------------------------------------------------

[2018-04-28 11:07:20 #1 type] 
Type hwr.sem4.csa.util.Participator is not enhanced.

[2018-04-28 11:07:20 #2 type] 
Type hwr.sem4.csa.util.Community is not enhanced.

------------------------------------------------------------------------------------------------------------------------

[2018-04-28 11:09:52 #1 type] 
Type hwr.sem4.csa.util.Participator is not enhanced.

[2018-04-28 11:09:52 #2 type] 
Type hwr.sem4.csa.util.Community is not enhanced.

------------------------------------------------------------------------------------------------------------------------

[2018-04-28 11:10:33 #1 type] 
Type hwr.sem4.csa.util.Participator is not enhanced.

[2018-04-28 11:10:33 #2 type] 
Type hwr.sem4.csa.util.Community is not enhanced.

------------------------------------------------------------------------------------------------------------------------

[2018-04-28 12:10:08 #1 type] 
Type hwr.sem4.csa.util.Participator is not enhanced.

[2018-04-28 12:10:08 #2 type] 
Type hwr.sem4.csa.util.Community is not enhanced.

------------------------------------------------------------------------------------------------------------------------

[2018-04-28 12:41:00 #1 type] 
Type hwr.sem4.csa.util.Participator is not enhanced.

[2018-04-28 12:41:00 #2 type] 
Type hwr.sem4.csa.util.Community is not enhanced.

------------------------------------------------------------------------------------------------------------------------

[2018-04-28 12:41:40 #1 type] 
Type hwr.sem4.csa.util.Participator is not enhanced.

[2018-04-28 12:41:40 #2 type] 
Type hwr.sem4.csa.util.Community is not enhanced.

------------------------------------------------------------------------------------------------------------------------

[2018-04-28 12:44:27 #1 type] 
Type hwr.sem4.csa.util.Participator is not enhanced.

[2018-04-28 12:44:27 #2 type] 
Type hwr.sem4.csa.util.Community is not enhanced.

------------------------------------------------------------------------------------------------------------------------

[2018-04-28 12:47:14 #1 type] 
Type hwr.sem4.csa.util.Participator is not enhanced.

[2018-04-28 12:47:14 #2 type] 
Type hwr.sem4.csa.util.Community is not enhanced.

------------------------------------------------------------------------------------------------------------------------

[2018-04-28 12:50:16 #1 type] 
Type hwr.sem4.csa.util.Participator is not enhanced.

[2018-04-28 12:50:16 #2 type] 
Type hwr.sem4.csa.util.Community is not enhanced.

------------------------------------------------------------------------------------------------------------------------

[2018-04-28 12:55:04 #1 type] 
Type hwr.sem4.csa.util.Participator is not enhanced.

[2018-04-28 12:55:04 #2 type] 
Type hwr.sem4.csa.util.Community is not enhanced.

------------------------------------------------------------------------------------------------------------------------

[2018-04-28 13:00:16 #1 type] 
Type hwr.sem4.csa.util.Participator is not enhanced.

[2018-04-28 13:00:16 #2 type] 
Type hwr.sem4.csa.util.Community is not enhanced.

------------------------------------------------------------------------------------------------------------------------

[2018-04-28 13:03:32 #1 type] 
Type hwr.sem4.csa.util.Participator is not enhanced.

[2018-04-28 13:03:32 #2 type] 
Type hwr.sem4.csa.util.Community is not enhanced.

------------------------------------------------------------------------------------------------------------------------

[2018-04-28 13:37:31 #1 type] 
Type hwr.sem4.csa.util.Participator is not enhanced.

[2018-04-28 13:37:31 #2 type] 
Type hwr.sem4.csa.util.Community is not enhanced.

------------------------------------------------------------------------------------------------------------------------

[2018-04-28 13:38:20 #1 type] 
Type hwr.sem4.csa.util.Participator is not enhanced.

[2018-04-28 13:38:20 #2 type] 
Type hwr.sem4.csa.util.Community is not enhanced.

------------------------------------------------------------------------------------------------------------------------

[2018-04-28 13:56:06 #1 type] 
Type hwr.sem4.csa.util.Participator is not enhanced.

[2018-04-28 13:56:06 #2 type] 
Type hwr.sem4.csa.util.Community is not enhanced.

------------------------------------------------------------------------------------------------------------------------

[2018-04-28 13:58:16 #1 type] 
Type hwr.sem4.csa.util.Participator is not enhanced.

[2018-04-28 13:58:16 #2 type] 
Type hwr.sem4.csa.util.Community is not enhanced.

[2018-04-28 13:58:45 #3 *] 
[Close] java.lang.RuntimeException: Stack Trace
	at com.objectdb.o.STH.t(STH.java:697)
	at com.objectdb.o.CST.Zi(CST.java:225)
	at com.objectdb.o.CSF.Yw(CSF.java:117)
	at com.objectdb.o.OMF.k(OMF.java:978)
	at com.objectdb.o.OMF.close(OMF.java:921)
	at hwr.sem4.csa.database.Databasehandler.close(Databasehandler.java:30)
	at hwr.sem4.csa.managedBeans.SysAdminManagedBean.init(SysAdminManagedBean.java:45)
	at sun.reflect.NativeMethodAccessorImpl.invoke0(Native Method)
	at sun.reflect.NativeMethodAccessorImpl.invoke(NativeMethodAccessorImpl.java:62)
	at sun.reflect.DelegatingMethodAccessorImpl.invoke(DelegatingMethodAccessorImpl.java:43)
	at java.lang.reflect.Method.invoke(Method.java:498)
	at com.sun.faces.vendor.WebContainerInjectionProvider.invokeAnnotatedMethod(WebContainerInjectionProvider.java:113)
	at com.sun.faces.vendor.WebContainerInjectionProvider.invokePostConstruct(WebContainerInjectionProvider.java:95)
	at com.sun.faces.mgbean.BeanBuilder.invokePostConstruct(BeanBuilder.java:221)
	at com.sun.faces.mgbean.BeanBuilder.build(BeanBuilder.java:103)
	at com.sun.faces.mgbean.BeanManager.createAndPush(BeanManager.java:409)
	at com.sun.faces.mgbean.BeanManager.create(BeanManager.java:269)
	at com.sun.faces.el.ManagedBeanELResolver.resolveBean(ManagedBeanELResolver.java:257)
	at com.sun.faces.el.ManagedBeanELResolver.getValue(ManagedBeanELResolver.java:117)
	at com.sun.faces.el.DemuxCompositeELResolver._getValue(DemuxCompositeELResolver.java:176)
	at com.sun.faces.el.DemuxCompositeELResolver.getValue(DemuxCompositeELResolver.java:203)
	at org.apache.el.parser.AstIdentifier.getValue(AstIdentifier.java:94)
	at org.apache.el.parser.AstValue.getValue(AstValue.java:137)
	at org.apache.el.ValueExpressionImpl.getValue(ValueExpressionImpl.java:184)
	at com.sun.faces.facelets.el.TagValueExpression.getValue(TagValueExpression.java:109)
	at javax.faces.component.ComponentStateHelper.eval(ComponentStateHelper.java:194)
	at javax.faces.component.ComponentStateHelper.eval(ComponentStateHelper.java:182)
	at javax.faces.component.UIData.getValue(UIData.java:732)
	at org.primefaces.component.api.UIData.getDataModel(UIData.java:768)
	at javax.faces.component.UIData.getRowCount(UIData.java:356)
	at org.primefaces.component.datatable.DataTableRenderer.encodeTbody(DataTableRenderer.java:1085)
	at org.primefaces.component.datatable.DataTableRenderer.encodeTbody(DataTableRenderer.java:1064)
	at org.primefaces.component.datatable.DataTableRenderer.encodeRegularTable(DataTableRenderer.java:426)
	at org.primefaces.component.datatable.DataTableRenderer.encodeMarkup(DataTableRenderer.java:361)
	at org.primefaces.component.datatable.DataTableRenderer.encodeEnd(DataTableRenderer.java:94)
	at javax.faces.component.UIComponentBase.encodeEnd(UIComponentBase.java:919)
	at javax.faces.component.UIComponent.encodeAll(UIComponent.java:1903)
	at javax.faces.component.UIComponent.encodeAll(UIComponent.java:1899)
	at org.primefaces.component.accordionpanel.AccordionPanelRenderer.encodeTab(AccordionPanelRenderer.java:247)
	at org.primefaces.component.accordionpanel.AccordionPanelRenderer.encodeTabs(AccordionPanelRenderer.java:171)
	at org.primefaces.component.accordionpanel.AccordionPanelRenderer.encodeMarkup(AccordionPanelRenderer.java:108)
	at org.primefaces.component.accordionpanel.AccordionPanelRenderer.encodeEnd(AccordionPanelRenderer.java:81)
	at javax.faces.component.UIComponentBase.encodeEnd(UIComponentBase.java:919)
	at javax.faces.component.UIComponent.encodeAll(UIComponent.java:1903)
	at javax.faces.render.Renderer.encodeChildren(Renderer.java:176)
	at javax.faces.component.UIComponentBase.encodeChildren(UIComponentBase.java:889)
	at javax.faces.component.UIComponent.encodeAll(UIComponent.java:1896)
	at javax.faces.component.UIComponent.encodeAll(UIComponent.java:1899)
	at javax.faces.component.UIComponent.encodeAll(UIComponent.java:1899)
	at com.sun.faces.application.view.FaceletViewHandlingStrategy.renderView(FaceletViewHandlingStrategy.java:451)
	at com.sun.faces.application.view.MultiViewHandler.renderView(MultiViewHandler.java:131)
	at com.sun.faces.lifecycle.RenderResponsePhase.execute(RenderResponsePhase.java:120)
	at com.sun.faces.lifecycle.Phase.doPhase(Phase.java:101)
	at com.sun.faces.lifecycle.LifecycleImpl.render(LifecycleImpl.java:219)
	at javax.faces.webapp.FacesServlet.service(FacesServlet.java:647)
	at org.apache.catalina.core.ApplicationFilterChain.internalDoFilter(ApplicationFilterChain.java:231)
	at org.apache.catalina.core.ApplicationFilterChain.doFilter(ApplicationFilterChain.java:166)
	at org.apache.tomcat.websocket.server.WsFilter.doFilter(WsFilter.java:53)
	at org.apache.catalina.core.ApplicationFilterChain.internalDoFilter(ApplicationFilterChain.java:193)
	at org.apache.catalina.core.ApplicationFilterChain.doFilter(ApplicationFilterChain.java:166)
	at hwr.sem4.csa.filter.LoginFilter.doFilter(LoginFilter.java:30)
	at org.apache.catalina.core.ApplicationFilterChain.internalDoFilter(ApplicationFilterChain.java:193)
	at org.apache.catalina.core.ApplicationFilterChain.doFilter(ApplicationFilterChain.java:166)
	at org.apache.catalina.core.StandardWrapperValve.invoke(StandardWrapperValve.java:199)
	at org.apache.catalina.core.StandardContextValve.invoke(StandardContextValve.java:96)
	at org.apache.catalina.authenticator.AuthenticatorBase.invoke(AuthenticatorBase.java:494)
	at org.apache.catalina.core.StandardHostValve.invoke(StandardHostValve.java:137)
	at org.apache.catalina.valves.ErrorReportValve.invoke(ErrorReportValve.java:92)
	at org.apache.catalina.valves.AbstractAccessLogValve.invoke(AbstractAccessLogValve.java:651)
	at org.apache.catalina.core.StandardEngineValve.invoke(StandardEngineValve.java:87)
	at org.apache.catalina.connector.CoyoteAdapter.service(CoyoteAdapter.java:343)
	at org.apache.coyote.http11.Http11Processor.service(Http11Processor.java:407)
	at org.apache.coyote.AbstractProcessorLight.process(AbstractProcessorLight.java:66)
	at org.apache.coyote.AbstractProtocol$ConnectionHandler.process(AbstractProtocol.java:754)
	at org.apache.tomcat.util.net.NioEndpoint$SocketProcessor.doRun(NioEndpoint.java:1376)
	at org.apache.tomcat.util.net.SocketProcessorBase.run(SocketProcessorBase.java:49)
	at java.util.concurrent.ThreadPoolExecutor.runWorker(ThreadPoolExecutor.java:1149)
	at java.util.concurrent.ThreadPoolExecutor$Worker.run(ThreadPoolExecutor.java:624)
	at org.apache.tomcat.util.threads.TaskThread$WrappingRunnable.run(TaskThread.java:61)
	at java.lang.Thread.run(Thread.java:748)

[2018-04-28 13:58:45 #4 *] 
[After Close] java.lang.RuntimeException: Stack Trace
	at com.objectdb.o.STH.t(STH.java:697)
	at com.objectdb.o.CST.C(CST.java:1026)
	at com.objectdb.o.CST.ZM(CST.java:319)
	at com.objectdb.o.CSF.Yx(CSF.java:102)
	at com.objectdb.o.OMF.k(OMF.java:973)
	at com.objectdb.o.OMF.close(OMF.java:921)
	at hwr.sem4.csa.database.Databasehandler.close(Databasehandler.java:30)
	at hwr.sem4.csa.managedBeans.SysAdminManagedBean.init(SysAdminManagedBean.java:45)
	at sun.reflect.NativeMethodAccessorImpl.invoke0(Native Method)
	at sun.reflect.NativeMethodAccessorImpl.invoke(NativeMethodAccessorImpl.java:62)
	at sun.reflect.DelegatingMethodAccessorImpl.invoke(DelegatingMethodAccessorImpl.java:43)
	at java.lang.reflect.Method.invoke(Method.java:498)
	at com.sun.faces.vendor.WebContainerInjectionProvider.invokeAnnotatedMethod(WebContainerInjectionProvider.java:113)
	at com.sun.faces.vendor.WebContainerInjectionProvider.invokePostConstruct(WebContainerInjectionProvider.java:95)
	at com.sun.faces.mgbean.BeanBuilder.invokePostConstruct(BeanBuilder.java:221)
	at com.sun.faces.mgbean.BeanBuilder.build(BeanBuilder.java:103)
	at com.sun.faces.mgbean.BeanManager.createAndPush(BeanManager.java:409)
	at com.sun.faces.mgbean.BeanManager.create(BeanManager.java:269)
	at com.sun.faces.el.ManagedBeanELResolver.resolveBean(ManagedBeanELResolver.java:257)
	at com.sun.faces.el.ManagedBeanELResolver.getValue(ManagedBeanELResolver.java:117)
	at com.sun.faces.el.DemuxCompositeELResolver._getValue(DemuxCompositeELResolver.java:176)
	at com.sun.faces.el.DemuxCompositeELResolver.getValue(DemuxCompositeELResolver.java:203)
	at org.apache.el.parser.AstIdentifier.getValue(AstIdentifier.java:94)
	at org.apache.el.parser.AstValue.getValue(AstValue.java:137)
	at org.apache.el.ValueExpressionImpl.getValue(ValueExpressionImpl.java:184)
	at com.sun.faces.facelets.el.TagValueExpression.getValue(TagValueExpression.java:109)
	at javax.faces.component.ComponentStateHelper.eval(ComponentStateHelper.java:194)
	at javax.faces.component.ComponentStateHelper.eval(ComponentStateHelper.java:182)
	at javax.faces.component.UIData.getValue(UIData.java:732)
	at org.primefaces.component.api.UIData.getDataModel(UIData.java:768)
	at javax.faces.component.UIData.getRowCount(UIData.java:356)
	at org.primefaces.component.datatable.DataTableRenderer.encodeTbody(DataTableRenderer.java:1085)
	at org.primefaces.component.datatable.DataTableRenderer.encodeTbody(DataTableRenderer.java:1064)
	at org.primefaces.component.datatable.DataTableRenderer.encodeRegularTable(DataTableRenderer.java:426)
	at org.primefaces.component.datatable.DataTableRenderer.encodeMarkup(DataTableRenderer.java:361)
	at org.primefaces.component.datatable.DataTableRenderer.encodeEnd(DataTableRenderer.java:94)
	at javax.faces.component.UIComponentBase.encodeEnd(UIComponentBase.java:919)
	at javax.faces.component.UIComponent.encodeAll(UIComponent.java:1903)
	at javax.faces.component.UIComponent.encodeAll(UIComponent.java:1899)
	at org.primefaces.component.accordionpanel.AccordionPanelRenderer.encodeTab(AccordionPanelRenderer.java:247)
	at org.primefaces.component.accordionpanel.AccordionPanelRenderer.encodeTabs(AccordionPanelRenderer.java:171)
	at org.primefaces.component.accordionpanel.AccordionPanelRenderer.encodeMarkup(AccordionPanelRenderer.java:108)
	at org.primefaces.component.accordionpanel.AccordionPanelRenderer.encodeEnd(AccordionPanelRenderer.java:81)
	at javax.faces.component.UIComponentBase.encodeEnd(UIComponentBase.java:919)
	at javax.faces.component.UIComponent.encodeAll(UIComponent.java:1903)
	at javax.faces.render.Renderer.encodeChildren(Renderer.java:176)
	at javax.faces.component.UIComponentBase.encodeChildren(UIComponentBase.java:889)
	at javax.faces.component.UIComponent.encodeAll(UIComponent.java:1896)
	at javax.faces.component.UIComponent.encodeAll(UIComponent.java:1899)
	at javax.faces.component.UIComponent.encodeAll(UIComponent.java:1899)
	at com.sun.faces.application.view.FaceletViewHandlingStrategy.renderView(FaceletViewHandlingStrategy.java:451)
	at com.sun.faces.application.view.MultiViewHandler.renderView(MultiViewHandler.java:131)
	at com.sun.faces.lifecycle.RenderResponsePhase.execute(RenderResponsePhase.java:120)
	at com.sun.faces.lifecycle.Phase.doPhase(Phase.java:101)
	at com.sun.faces.lifecycle.LifecycleImpl.render(LifecycleImpl.java:219)
	at javax.faces.webapp.FacesServlet.service(FacesServlet.java:647)
	at org.apache.catalina.core.ApplicationFilterChain.internalDoFilter(ApplicationFilterChain.java:231)
	at org.apache.catalina.core.ApplicationFilterChain.doFilter(ApplicationFilterChain.java:166)
	at org.apache.tomcat.websocket.server.WsFilter.doFilter(WsFilter.java:53)
	at org.apache.catalina.core.ApplicationFilterChain.internalDoFilter(ApplicationFilterChain.java:193)
	at org.apache.catalina.core.ApplicationFilterChain.doFilter(ApplicationFilterChain.java:166)
	at hwr.sem4.csa.filter.LoginFilter.doFilter(LoginFilter.java:30)
	at org.apache.catalina.core.ApplicationFilterChain.internalDoFilter(ApplicationFilterChain.java:193)
	at org.apache.catalina.core.ApplicationFilterChain.doFilter(ApplicationFilterChain.java:166)
	at org.apache.catalina.core.StandardWrapperValve.invoke(StandardWrapperValve.java:199)
	at org.apache.catalina.core.StandardContextValve.invoke(StandardContextValve.java:96)
	at org.apache.catalina.authenticator.AuthenticatorBase.invoke(AuthenticatorBase.java:494)
	at org.apache.catalina.core.StandardHostValve.invoke(StandardHostValve.java:137)
	at org.apache.catalina.valves.ErrorReportValve.invoke(ErrorReportValve.java:92)
	at org.apache.catalina.valves.AbstractAccessLogValve.invoke(AbstractAccessLogValve.java:651)
	at org.apache.catalina.core.StandardEngineValve.invoke(StandardEngineValve.java:87)
	at org.apache.catalina.connector.CoyoteAdapter.service(CoyoteAdapter.java:343)
	at org.apache.coyote.http11.Http11Processor.service(Http11Processor.java:407)
	at org.apache.coyote.AbstractProcessorLight.process(AbstractProcessorLight.java:66)
	at org.apache.coyote.AbstractProtocol$ConnectionHandler.process(AbstractProtocol.java:754)
	at org.apache.tomcat.util.net.NioEndpoint$SocketProcessor.doRun(NioEndpoint.java:1376)
	at org.apache.tomcat.util.net.SocketProcessorBase.run(SocketProcessorBase.java:49)
	at java.util.concurrent.ThreadPoolExecutor.runWorker(ThreadPoolExecutor.java:1149)
	at java.util.concurrent.ThreadPoolExecutor$Worker.run(ThreadPoolExecutor.java:624)
	at org.apache.tomcat.util.threads.TaskThread$WrappingRunnable.run(TaskThread.java:61)
	at java.lang.Thread.run(Thread.java:748)

------------------------------------------------------------------------------------------------------------------------

[2018-04-28 14:00:54 #1 type] 
Type hwr.sem4.csa.util.Participator is not enhanced.

[2018-04-28 14:00:54 #2 type] 
Type hwr.sem4.csa.util.Community is not enhanced.

------------------------------------------------------------------------------------------------------------------------

[2018-04-28 14:02:14 #1 type] 
Type hwr.sem4.csa.util.Participator is not enhanced.

[2018-04-28 14:02:14 #2 type] 
Type hwr.sem4.csa.util.Community is not enhanced.

------------------------------------------------------------------------------------------------------------------------

[2018-04-28 14:31:44 #1 type] 
Type hwr.sem4.csa.util.Participator is not enhanced.

[2018-04-28 14:31:44 #2 type] 
Type hwr.sem4.csa.util.Community is not enhanced.

------------------------------------------------------------------------------------------------------------------------

[2018-04-28 14:37:16 #1 type] 
Type hwr.sem4.csa.util.Participator is not enhanced.

[2018-04-28 14:37:16 #2 type] 
Type hwr.sem4.csa.util.Community is not enhanced.

------------------------------------------------------------------------------------------------------------------------

[2018-04-28 14:38:43 #1 type] 
Type hwr.sem4.csa.util.Participator is not enhanced.

[2018-04-28 14:38:43 #2 type] 
Type hwr.sem4.csa.util.Community is not enhanced.

------------------------------------------------------------------------------------------------------------------------

[2018-04-28 14:42:21 #1 type] 
Type hwr.sem4.csa.util.Participator is not enhanced.

[2018-04-28 14:42:21 #2 type] 
Type hwr.sem4.csa.util.Community is not enhanced.

------------------------------------------------------------------------------------------------------------------------

[2018-04-28 14:46:21 #1 type] 
Type hwr.sem4.csa.util.Participator is not enhanced.

[2018-04-28 14:46:21 #2 type] 
Type hwr.sem4.csa.util.Community is not enhanced.

------------------------------------------------------------------------------------------------------------------------

[2018-04-28 14:48:57 #1 type] 
Type hwr.sem4.csa.util.Participator is not enhanced.

[2018-04-28 14:48:57 #2 type] 
Type hwr.sem4.csa.util.Community is not enhanced.

